[
  {
    "line": 3,
    "elements": [
      {
        "line": 5,
        "name": "Navigate to baby lotion",
        "description": "",
        "type": "background",
        "keyword": "Background",
        "steps": [
          {
            "result": {
              "duration": 58000,
              "status": "skipped"
            },
            "line": 6,
            "name": "Launch the Apollo pharmacy Application \"https://www.apollopharmacy.in/?srsltid\u003dAfmBOoqy7LoyB7STzeABdcbQ3p8hGe1D1GMrC4-ANNi4JWhVJYVgKvE0\"",
            "match": {
              "arguments": [
                {
                  "val": "\"https://www.apollopharmacy.in/?srsltid\u003dAfmBOoqy7LoyB7STzeABdcbQ3p8hGe1D1GMrC4-ANNi4JWhVJYVgKvE0\"",
                  "offset": 39
                }
              ],
              "location": "BabyLotion1.launch_the_apollo_pharmacy_application(String)"
            },
            "keyword": "Given "
          },
          {
            "result": {
              "duration": 9700,
              "status": "skipped"
            },
            "line": 7,
            "name": "Validate user is on the home page",
            "match": {
              "location": "BabyLotion1.validate_user_is_on_the_home_page()"
            },
            "keyword": "When "
          },
          {
            "result": {
              "duration": 7100,
              "status": "skipped"
            },
            "line": 8,
            "name": "User mouse over to Baby care",
            "match": {
              "location": "BabyLotion1.user_mouse_over_to_baby_care()"
            },
            "keyword": "Then "
          },
          {
            "result": {
              "duration": 6300,
              "status": "skipped"
            },
            "line": 9,
            "name": "User clicks on Baby lotions",
            "match": {
              "location": "BabyLotion1.user_clicks_on_baby_lotions()"
            },
            "keyword": "And "
          },
          {
            "result": {
              "duration": 5900,
              "status": "skipped"
            },
            "line": 10,
            "name": "Validate the user able to see the baby care related menu",
            "match": {
              "location": "BabyLotion1.validate_the_user_able_to_see_the_baby_care_related_menu()"
            },
            "keyword": "When "
          },
          {
            "result": {
              "duration": 5900,
              "status": "skipped"
            },
            "line": 11,
            "name": "User print the total item on web page",
            "match": {
              "location": "BabyLotion1.user_print_the_total_item_on_web_page()"
            },
            "keyword": "Then "
          },
          {
            "result": {
              "duration": 5800,
              "status": "skipped"
            },
            "line": 12,
            "name": "User clicks on Brand",
            "match": {
              "location": "BabyLotion1.user_clicks_on_brand()"
            },
            "keyword": "And "
          }
        ]
      },
      {
        "before": [
          {
            "result": {
              "error_message": "org.openqa.selenium.SessionNotCreatedException: Could not start a new session. Response code 500. Message: session not created: probably user data directory is already in use, please specify a unique value for --user-data-dir argument, or don\u0027t use --user-data-dir \nHost info: host: \u0027DESKTOP-H9ADUJJ\u0027, ip: \u0027172.20.10.13\u0027\nBuild info: version: \u00274.10.0\u0027, revision: \u0027c14d967899\u0027\nSystem info: os.name: \u0027Windows 10\u0027, os.arch: \u0027amd64\u0027, os.version: \u002710.0\u0027, java.version: \u002717.0.1\u0027\nDriver info: org.openqa.selenium.edge.EdgeDriver\nCommand: [null, newSession {capabilities\u003d[Capabilities {browserName: MicrosoftEdge, ms:edgeOptions: {args: [--remote-allow-origins\u003d*], extensions: []}}]}]\r\n\tat org.openqa.selenium.remote.ProtocolHandshake.createSession(ProtocolHandshake.java:140)\r\n\tat org.openqa.selenium.remote.ProtocolHandshake.createSession(ProtocolHandshake.java:96)\r\n\tat org.openqa.selenium.remote.ProtocolHandshake.createSession(ProtocolHandshake.java:68)\r\n\tat org.openqa.selenium.remote.HttpCommandExecutor.execute(HttpCommandExecutor.java:163)\r\n\tat org.openqa.selenium.remote.service.DriverCommandExecutor.invokeExecute(DriverCommandExecutor.java:196)\r\n\tat org.openqa.selenium.remote.service.DriverCommandExecutor.execute(DriverCommandExecutor.java:171)\r\n\tat org.openqa.selenium.remote.RemoteWebDriver.execute(RemoteWebDriver.java:531)\r\n\tat org.openqa.selenium.remote.RemoteWebDriver.startSession(RemoteWebDriver.java:227)\r\n\tat org.openqa.selenium.remote.RemoteWebDriver.\u003cinit\u003e(RemoteWebDriver.java:154)\r\n\tat org.openqa.selenium.chromium.ChromiumDriver.\u003cinit\u003e(ChromiumDriver.java:107)\r\n\tat org.openqa.selenium.edge.EdgeDriver.\u003cinit\u003e(EdgeDriver.java:59)\r\n\tat org.openqa.selenium.edge.EdgeDriver.\u003cinit\u003e(EdgeDriver.java:55)\r\n\tat org.openqa.selenium.edge.EdgeDriver.\u003cinit\u003e(EdgeDriver.java:47)\r\n\tat org.openqa.selenium.edge.EdgeDriver.\u003cinit\u003e(EdgeDriver.java:43)\r\n\tat in.Apollo.base.Utility.browser_launch(Utility.java:47)\r\n\tat in.Apollo.Hooks.Hooks.browserFunctionalities(Hooks.java:14)\r\n\tat java.base/jdk.internal.reflect.NativeMethodAccessorImpl.invoke0(Native Method)\r\n\tat java.base/jdk.internal.reflect.NativeMethodAccessorImpl.invoke(NativeMethodAccessorImpl.java:77)\r\n\tat java.base/jdk.internal.reflect.DelegatingMethodAccessorImpl.invoke(DelegatingMethodAccessorImpl.java:43)\r\n\tat java.base/java.lang.reflect.Method.invoke(Method.java:568)\r\n\tat cucumber.runtime.Utils$1.call(Utils.java:26)\r\n\tat cucumber.runtime.Timeout.timeout(Timeout.java:16)\r\n\tat cucumber.runtime.Utils.invoke(Utils.java:20)\r\n\tat cucumber.runtime.java.JavaHookDefinition.execute(JavaHookDefinition.java:60)\r\n\tat cucumber.runner.HookDefinitionMatch.runStep(HookDefinitionMatch.java:16)\r\n\tat cucumber.runner.TestStep.executeStep(TestStep.java:63)\r\n\tat cucumber.runner.TestStep.run(TestStep.java:49)\r\n\tat cucumber.runner.TestCase.run(TestCase.java:40)\r\n\tat cucumber.runner.Runner.runPickle(Runner.java:40)\r\n\tat cucumber.runtime.junit.PickleRunners$NoStepDescriptions.run(PickleRunners.java:146)\r\n\tat cucumber.runtime.junit.FeatureRunner.runChild(FeatureRunner.java:67)\r\n\tat cucumber.runtime.junit.FeatureRunner.runChild(FeatureRunner.java:22)\r\n\tat org.junit.runners.ParentRunner$3.run(ParentRunner.java:290)\r\n\tat org.junit.runners.ParentRunner$1.schedule(ParentRunner.java:71)\r\n\tat org.junit.runners.ParentRunner.runChildren(ParentRunner.java:288)\r\n\tat org.junit.runners.ParentRunner.access$000(ParentRunner.java:58)\r\n\tat org.junit.runners.ParentRunner$2.evaluate(ParentRunner.java:268)\r\n\tat org.junit.runners.ParentRunner.run(ParentRunner.java:363)\r\n\tat cucumber.runtime.junit.FeatureRunner.run(FeatureRunner.java:72)\r\n\tat cucumber.api.junit.Cucumber.runChild(Cucumber.java:122)\r\n\tat cucumber.api.junit.Cucumber.runChild(Cucumber.java:64)\r\n\tat org.junit.runners.ParentRunner$3.run(ParentRunner.java:290)\r\n\tat org.junit.runners.ParentRunner$1.schedule(ParentRunner.java:71)\r\n\tat org.junit.runners.ParentRunner.runChildren(ParentRunner.java:288)\r\n\tat org.junit.runners.ParentRunner.access$000(ParentRunner.java:58)\r\n\tat org.junit.runners.ParentRunner$2.evaluate(ParentRunner.java:268)\r\n\tat cucumber.api.junit.Cucumber$1.evaluate(Cucumber.java:131)\r\n\tat org.junit.runners.ParentRunner.run(ParentRunner.java:363)\r\n\tat org.eclipse.jdt.internal.junit4.runner.JUnit4TestReference.run(JUnit4TestReference.java:93)\r\n\tat org.eclipse.jdt.internal.junit.runner.TestExecution.run(TestExecution.java:40)\r\n\tat org.eclipse.jdt.internal.junit.runner.RemoteTestRunner.runTests(RemoteTestRunner.java:529)\r\n\tat org.eclipse.jdt.internal.junit.runner.RemoteTestRunner.runTests(RemoteTestRunner.java:756)\r\n\tat org.eclipse.jdt.internal.junit.runner.RemoteTestRunner.run(RemoteTestRunner.java:452)\r\n\tat org.eclipse.jdt.internal.junit.runner.RemoteTestRunner.main(RemoteTestRunner.java:210)\r\n",
              "duration": 42201103000,
              "status": "failed"
            },
            "match": {
              "location": "Hooks.browserFunctionalities(Scenario)"
            }
          }
        ],
        "line": 23,
        "name": "User validate the protect",
        "description": "",
        "id": "user-validates-the-product-in-the-apollo-pharmacy-application-baby-care-product;user-validate-the-protect;;2",
        "after": [
          {
            "result": {
              "error_message": "java.lang.NullPointerException: Cannot invoke \"org.openqa.selenium.TakesScreenshot.getScreenshotAs(org.openqa.selenium.OutputType)\" because \"ts\" is null\r\n\tat in.Apollo.Hooks.Hooks.tearDown(Hooks.java:24)\r\n\tat java.base/jdk.internal.reflect.NativeMethodAccessorImpl.invoke0(Native Method)\r\n\tat java.base/jdk.internal.reflect.NativeMethodAccessorImpl.invoke(NativeMethodAccessorImpl.java:77)\r\n\tat java.base/jdk.internal.reflect.DelegatingMethodAccessorImpl.invoke(DelegatingMethodAccessorImpl.java:43)\r\n\tat java.base/java.lang.reflect.Method.invoke(Method.java:568)\r\n\tat cucumber.runtime.Utils$1.call(Utils.java:26)\r\n\tat cucumber.runtime.Timeout.timeout(Timeout.java:16)\r\n\tat cucumber.runtime.Utils.invoke(Utils.java:20)\r\n\tat cucumber.runtime.java.JavaHookDefinition.execute(JavaHookDefinition.java:60)\r\n\tat cucumber.runner.HookDefinitionMatch.runStep(HookDefinitionMatch.java:16)\r\n\tat cucumber.runner.TestStep.executeStep(TestStep.java:63)\r\n\tat cucumber.runner.TestStep.run(TestStep.java:49)\r\n\tat cucumber.runner.TestCase.run(TestCase.java:48)\r\n\tat cucumber.runner.Runner.runPickle(Runner.java:40)\r\n\tat cucumber.runtime.junit.PickleRunners$NoStepDescriptions.run(PickleRunners.java:146)\r\n\tat cucumber.runtime.junit.FeatureRunner.runChild(FeatureRunner.java:67)\r\n\tat cucumber.runtime.junit.FeatureRunner.runChild(FeatureRunner.java:22)\r\n\tat org.junit.runners.ParentRunner$3.run(ParentRunner.java:290)\r\n\tat org.junit.runners.ParentRunner$1.schedule(ParentRunner.java:71)\r\n\tat org.junit.runners.ParentRunner.runChildren(ParentRunner.java:288)\r\n\tat org.junit.runners.ParentRunner.access$000(ParentRunner.java:58)\r\n\tat org.junit.runners.ParentRunner$2.evaluate(ParentRunner.java:268)\r\n\tat org.junit.runners.ParentRunner.run(ParentRunner.java:363)\r\n\tat cucumber.runtime.junit.FeatureRunner.run(FeatureRunner.java:72)\r\n\tat cucumber.api.junit.Cucumber.runChild(Cucumber.java:122)\r\n\tat cucumber.api.junit.Cucumber.runChild(Cucumber.java:64)\r\n\tat org.junit.runners.ParentRunner$3.run(ParentRunner.java:290)\r\n\tat org.junit.runners.ParentRunner$1.schedule(ParentRunner.java:71)\r\n\tat org.junit.runners.ParentRunner.runChildren(ParentRunner.java:288)\r\n\tat org.junit.runners.ParentRunner.access$000(ParentRunner.java:58)\r\n\tat org.junit.runners.ParentRunner$2.evaluate(ParentRunner.java:268)\r\n\tat cucumber.api.junit.Cucumber$1.evaluate(Cucumber.java:131)\r\n\tat org.junit.runners.ParentRunner.run(ParentRunner.java:363)\r\n\tat org.eclipse.jdt.internal.junit4.runner.JUnit4TestReference.run(JUnit4TestReference.java:93)\r\n\tat org.eclipse.jdt.internal.junit.runner.TestExecution.run(TestExecution.java:40)\r\n\tat org.eclipse.jdt.internal.junit.runner.RemoteTestRunner.runTests(RemoteTestRunner.java:529)\r\n\tat org.eclipse.jdt.internal.junit.runner.RemoteTestRunner.runTests(RemoteTestRunner.java:756)\r\n\tat org.eclipse.jdt.internal.junit.runner.RemoteTestRunner.run(RemoteTestRunner.java:452)\r\n\tat org.eclipse.jdt.internal.junit.runner.RemoteTestRunner.main(RemoteTestRunner.java:210)\r\n",
              "duration": 2052600,
              "status": "failed"
            },
            "match": {
              "location": "Hooks.tearDown(Scenario)"
            }
          }
        ],
        "type": "scenario",
        "keyword": "Scenario Outline",
        "steps": [
          {
            "result": {
              "duration": 5900,
              "status": "skipped"
            },
            "line": 17,
            "name": "User clicks on sorted brand \"johnson \u0026 johnson\"",
            "match": {
              "arguments": [
                {
                  "val": "\"johnson \u0026 johnson\"",
                  "offset": 28
                }
              ],
              "location": "BabyLotion1.user_clicks_on_sorted_brand(String)"
            },
            "keyword": "And "
          }
        ],
        "tags": [
          {
            "name": "@Babylotion"
          }
        ]
      },
      {
        "line": 5,
        "name": "Navigate to baby lotion",
        "description": "",
        "type": "background",
        "keyword": "Background",
        "steps": [
          {
            "result": {
              "duration": 11300,
              "status": "skipped"
            },
            "line": 6,
            "name": "Launch the Apollo pharmacy Application \"https://www.apollopharmacy.in/?srsltid\u003dAfmBOoqy7LoyB7STzeABdcbQ3p8hGe1D1GMrC4-ANNi4JWhVJYVgKvE0\"",
            "match": {
              "arguments": [
                {
                  "val": "\"https://www.apollopharmacy.in/?srsltid\u003dAfmBOoqy7LoyB7STzeABdcbQ3p8hGe1D1GMrC4-ANNi4JWhVJYVgKvE0\"",
                  "offset": 39
                }
              ],
              "location": "BabyLotion1.launch_the_apollo_pharmacy_application(String)"
            },
            "keyword": "Given "
          },
          {
            "result": {
              "duration": 6400,
              "status": "skipped"
            },
            "line": 7,
            "name": "Validate user is on the home page",
            "match": {
              "location": "BabyLotion1.validate_user_is_on_the_home_page()"
            },
            "keyword": "When "
          },
          {
            "result": {
              "duration": 6000,
              "status": "skipped"
            },
            "line": 8,
            "name": "User mouse over to Baby care",
            "match": {
              "location": "BabyLotion1.user_mouse_over_to_baby_care()"
            },
            "keyword": "Then "
          },
          {
            "result": {
              "duration": 5500,
              "status": "skipped"
            },
            "line": 9,
            "name": "User clicks on Baby lotions",
            "match": {
              "location": "BabyLotion1.user_clicks_on_baby_lotions()"
            },
            "keyword": "And "
          },
          {
            "result": {
              "duration": 5500,
              "status": "skipped"
            },
            "line": 10,
            "name": "Validate the user able to see the baby care related menu",
            "match": {
              "location": "BabyLotion1.validate_the_user_able_to_see_the_baby_care_related_menu()"
            },
            "keyword": "When "
          },
          {
            "result": {
              "duration": 5400,
              "status": "skipped"
            },
            "line": 11,
            "name": "User print the total item on web page",
            "match": {
              "location": "BabyLotion1.user_print_the_total_item_on_web_page()"
            },
            "keyword": "Then "
          },
          {
            "result": {
              "duration": 5400,
              "status": "skipped"
            },
            "line": 12,
            "name": "User clicks on Brand",
            "match": {
              "location": "BabyLotion1.user_clicks_on_brand()"
            },
            "keyword": "And "
          }
        ]
      },
      {
        "before": [
          {
            "result": {
              "error_message": "org.openqa.selenium.SessionNotCreatedException: Could not start a new session. Response code 500. Message: session not created: probably user data directory is already in use, please specify a unique value for --user-data-dir argument, or don\u0027t use --user-data-dir \nHost info: host: \u0027DESKTOP-H9ADUJJ\u0027, ip: \u0027172.20.10.13\u0027\nBuild info: version: \u00274.10.0\u0027, revision: \u0027c14d967899\u0027\nSystem info: os.name: \u0027Windows 10\u0027, os.arch: \u0027amd64\u0027, os.version: \u002710.0\u0027, java.version: \u002717.0.1\u0027\nDriver info: org.openqa.selenium.edge.EdgeDriver\nCommand: [null, newSession {capabilities\u003d[Capabilities {browserName: MicrosoftEdge, ms:edgeOptions: {args: [--remote-allow-origins\u003d*], extensions: []}}]}]\r\n\tat org.openqa.selenium.remote.ProtocolHandshake.createSession(ProtocolHandshake.java:140)\r\n\tat org.openqa.selenium.remote.ProtocolHandshake.createSession(ProtocolHandshake.java:96)\r\n\tat org.openqa.selenium.remote.ProtocolHandshake.createSession(ProtocolHandshake.java:68)\r\n\tat org.openqa.selenium.remote.HttpCommandExecutor.execute(HttpCommandExecutor.java:163)\r\n\tat org.openqa.selenium.remote.service.DriverCommandExecutor.invokeExecute(DriverCommandExecutor.java:196)\r\n\tat org.openqa.selenium.remote.service.DriverCommandExecutor.execute(DriverCommandExecutor.java:171)\r\n\tat org.openqa.selenium.remote.RemoteWebDriver.execute(RemoteWebDriver.java:531)\r\n\tat org.openqa.selenium.remote.RemoteWebDriver.startSession(RemoteWebDriver.java:227)\r\n\tat org.openqa.selenium.remote.RemoteWebDriver.\u003cinit\u003e(RemoteWebDriver.java:154)\r\n\tat org.openqa.selenium.chromium.ChromiumDriver.\u003cinit\u003e(ChromiumDriver.java:107)\r\n\tat org.openqa.selenium.edge.EdgeDriver.\u003cinit\u003e(EdgeDriver.java:59)\r\n\tat org.openqa.selenium.edge.EdgeDriver.\u003cinit\u003e(EdgeDriver.java:55)\r\n\tat org.openqa.selenium.edge.EdgeDriver.\u003cinit\u003e(EdgeDriver.java:47)\r\n\tat org.openqa.selenium.edge.EdgeDriver.\u003cinit\u003e(EdgeDriver.java:43)\r\n\tat in.Apollo.base.Utility.browser_launch(Utility.java:47)\r\n\tat in.Apollo.Hooks.Hooks.browserFunctionalities(Hooks.java:14)\r\n\tat java.base/jdk.internal.reflect.NativeMethodAccessorImpl.invoke0(Native Method)\r\n\tat java.base/jdk.internal.reflect.NativeMethodAccessorImpl.invoke(NativeMethodAccessorImpl.java:77)\r\n\tat java.base/jdk.internal.reflect.DelegatingMethodAccessorImpl.invoke(DelegatingMethodAccessorImpl.java:43)\r\n\tat java.base/java.lang.reflect.Method.invoke(Method.java:568)\r\n\tat cucumber.runtime.Utils$1.call(Utils.java:26)\r\n\tat cucumber.runtime.Timeout.timeout(Timeout.java:16)\r\n\tat cucumber.runtime.Utils.invoke(Utils.java:20)\r\n\tat cucumber.runtime.java.JavaHookDefinition.execute(JavaHookDefinition.java:60)\r\n\tat cucumber.runner.HookDefinitionMatch.runStep(HookDefinitionMatch.java:16)\r\n\tat cucumber.runner.TestStep.executeStep(TestStep.java:63)\r\n\tat cucumber.runner.TestStep.run(TestStep.java:49)\r\n\tat cucumber.runner.TestCase.run(TestCase.java:40)\r\n\tat cucumber.runner.Runner.runPickle(Runner.java:40)\r\n\tat cucumber.runtime.junit.PickleRunners$NoStepDescriptions.run(PickleRunners.java:146)\r\n\tat cucumber.runtime.junit.FeatureRunner.runChild(FeatureRunner.java:67)\r\n\tat cucumber.runtime.junit.FeatureRunner.runChild(FeatureRunner.java:22)\r\n\tat org.junit.runners.ParentRunner$3.run(ParentRunner.java:290)\r\n\tat org.junit.runners.ParentRunner$1.schedule(ParentRunner.java:71)\r\n\tat org.junit.runners.ParentRunner.runChildren(ParentRunner.java:288)\r\n\tat org.junit.runners.ParentRunner.access$000(ParentRunner.java:58)\r\n\tat org.junit.runners.ParentRunner$2.evaluate(ParentRunner.java:268)\r\n\tat org.junit.runners.ParentRunner.run(ParentRunner.java:363)\r\n\tat cucumber.runtime.junit.FeatureRunner.run(FeatureRunner.java:72)\r\n\tat cucumber.api.junit.Cucumber.runChild(Cucumber.java:122)\r\n\tat cucumber.api.junit.Cucumber.runChild(Cucumber.java:64)\r\n\tat org.junit.runners.ParentRunner$3.run(ParentRunner.java:290)\r\n\tat org.junit.runners.ParentRunner$1.schedule(ParentRunner.java:71)\r\n\tat org.junit.runners.ParentRunner.runChildren(ParentRunner.java:288)\r\n\tat org.junit.runners.ParentRunner.access$000(ParentRunner.java:58)\r\n\tat org.junit.runners.ParentRunner$2.evaluate(ParentRunner.java:268)\r\n\tat cucumber.api.junit.Cucumber$1.evaluate(Cucumber.java:131)\r\n\tat org.junit.runners.ParentRunner.run(ParentRunner.java:363)\r\n\tat org.eclipse.jdt.internal.junit4.runner.JUnit4TestReference.run(JUnit4TestReference.java:93)\r\n\tat org.eclipse.jdt.internal.junit.runner.TestExecution.run(TestExecution.java:40)\r\n\tat org.eclipse.jdt.internal.junit.runner.RemoteTestRunner.runTests(RemoteTestRunner.java:529)\r\n\tat org.eclipse.jdt.internal.junit.runner.RemoteTestRunner.runTests(RemoteTestRunner.java:756)\r\n\tat org.eclipse.jdt.internal.junit.runner.RemoteTestRunner.run(RemoteTestRunner.java:452)\r\n\tat org.eclipse.jdt.internal.junit.runner.RemoteTestRunner.main(RemoteTestRunner.java:210)\r\n",
              "duration": 40413374600,
              "status": "failed"
            },
            "match": {
              "location": "Hooks.browserFunctionalities(Scenario)"
            }
          }
        ],
        "line": 24,
        "name": "User validate the protect",
        "description": "",
        "id": "user-validates-the-product-in-the-apollo-pharmacy-application-baby-care-product;user-validate-the-protect;;3",
        "after": [
          {
            "result": {
              "error_message": "java.lang.NullPointerException: Cannot invoke \"org.openqa.selenium.TakesScreenshot.getScreenshotAs(org.openqa.selenium.OutputType)\" because \"ts\" is null\r\n\tat in.Apollo.Hooks.Hooks.tearDown(Hooks.java:24)\r\n\tat java.base/jdk.internal.reflect.NativeMethodAccessorImpl.invoke0(Native Method)\r\n\tat java.base/jdk.internal.reflect.NativeMethodAccessorImpl.invoke(NativeMethodAccessorImpl.java:77)\r\n\tat java.base/jdk.internal.reflect.DelegatingMethodAccessorImpl.invoke(DelegatingMethodAccessorImpl.java:43)\r\n\tat java.base/java.lang.reflect.Method.invoke(Method.java:568)\r\n\tat cucumber.runtime.Utils$1.call(Utils.java:26)\r\n\tat cucumber.runtime.Timeout.timeout(Timeout.java:16)\r\n\tat cucumber.runtime.Utils.invoke(Utils.java:20)\r\n\tat cucumber.runtime.java.JavaHookDefinition.execute(JavaHookDefinition.java:60)\r\n\tat cucumber.runner.HookDefinitionMatch.runStep(HookDefinitionMatch.java:16)\r\n\tat cucumber.runner.TestStep.executeStep(TestStep.java:63)\r\n\tat cucumber.runner.TestStep.run(TestStep.java:49)\r\n\tat cucumber.runner.TestCase.run(TestCase.java:48)\r\n\tat cucumber.runner.Runner.runPickle(Runner.java:40)\r\n\tat cucumber.runtime.junit.PickleRunners$NoStepDescriptions.run(PickleRunners.java:146)\r\n\tat cucumber.runtime.junit.FeatureRunner.runChild(FeatureRunner.java:67)\r\n\tat cucumber.runtime.junit.FeatureRunner.runChild(FeatureRunner.java:22)\r\n\tat org.junit.runners.ParentRunner$3.run(ParentRunner.java:290)\r\n\tat org.junit.runners.ParentRunner$1.schedule(ParentRunner.java:71)\r\n\tat org.junit.runners.ParentRunner.runChildren(ParentRunner.java:288)\r\n\tat org.junit.runners.ParentRunner.access$000(ParentRunner.java:58)\r\n\tat org.junit.runners.ParentRunner$2.evaluate(ParentRunner.java:268)\r\n\tat org.junit.runners.ParentRunner.run(ParentRunner.java:363)\r\n\tat cucumber.runtime.junit.FeatureRunner.run(FeatureRunner.java:72)\r\n\tat cucumber.api.junit.Cucumber.runChild(Cucumber.java:122)\r\n\tat cucumber.api.junit.Cucumber.runChild(Cucumber.java:64)\r\n\tat org.junit.runners.ParentRunner$3.run(ParentRunner.java:290)\r\n\tat org.junit.runners.ParentRunner$1.schedule(ParentRunner.java:71)\r\n\tat org.junit.runners.ParentRunner.runChildren(ParentRunner.java:288)\r\n\tat org.junit.runners.ParentRunner.access$000(ParentRunner.java:58)\r\n\tat org.junit.runners.ParentRunner$2.evaluate(ParentRunner.java:268)\r\n\tat cucumber.api.junit.Cucumber$1.evaluate(Cucumber.java:131)\r\n\tat org.junit.runners.ParentRunner.run(ParentRunner.java:363)\r\n\tat org.eclipse.jdt.internal.junit4.runner.JUnit4TestReference.run(JUnit4TestReference.java:93)\r\n\tat org.eclipse.jdt.internal.junit.runner.TestExecution.run(TestExecution.java:40)\r\n\tat org.eclipse.jdt.internal.junit.runner.RemoteTestRunner.runTests(RemoteTestRunner.java:529)\r\n\tat org.eclipse.jdt.internal.junit.runner.RemoteTestRunner.runTests(RemoteTestRunner.java:756)\r\n\tat org.eclipse.jdt.internal.junit.runner.RemoteTestRunner.run(RemoteTestRunner.java:452)\r\n\tat org.eclipse.jdt.internal.junit.runner.RemoteTestRunner.main(RemoteTestRunner.java:210)\r\n",
              "duration": 105200,
              "status": "failed"
            },
            "match": {
              "location": "Hooks.tearDown(Scenario)"
            }
          }
        ],
        "type": "scenario",
        "keyword": "Scenario Outline",
        "steps": [
          {
            "result": {
              "duration": 5600,
              "status": "skipped"
            },
            "line": 17,
            "name": "User clicks on sorted brand \"mamaearth\"",
            "match": {
              "arguments": [
                {
                  "val": "\"mamaearth\"",
                  "offset": 28
                }
              ],
              "location": "BabyLotion1.user_clicks_on_sorted_brand(String)"
            },
            "keyword": "And "
          }
        ],
        "tags": [
          {
            "name": "@Babylotion"
          }
        ]
      },
      {
        "line": 5,
        "name": "Navigate to baby lotion",
        "description": "",
        "type": "background",
        "keyword": "Background",
        "steps": [
          {
            "result": {
              "duration": 11700,
              "status": "skipped"
            },
            "line": 6,
            "name": "Launch the Apollo pharmacy Application \"https://www.apollopharmacy.in/?srsltid\u003dAfmBOoqy7LoyB7STzeABdcbQ3p8hGe1D1GMrC4-ANNi4JWhVJYVgKvE0\"",
            "match": {
              "arguments": [
                {
                  "val": "\"https://www.apollopharmacy.in/?srsltid\u003dAfmBOoqy7LoyB7STzeABdcbQ3p8hGe1D1GMrC4-ANNi4JWhVJYVgKvE0\"",
                  "offset": 39
                }
              ],
              "location": "BabyLotion1.launch_the_apollo_pharmacy_application(String)"
            },
            "keyword": "Given "
          },
          {
            "result": {
              "duration": 4700,
              "status": "skipped"
            },
            "line": 7,
            "name": "Validate user is on the home page",
            "match": {
              "location": "BabyLotion1.validate_user_is_on_the_home_page()"
            },
            "keyword": "When "
          },
          {
            "result": {
              "duration": 4100,
              "status": "skipped"
            },
            "line": 8,
            "name": "User mouse over to Baby care",
            "match": {
              "location": "BabyLotion1.user_mouse_over_to_baby_care()"
            },
            "keyword": "Then "
          },
          {
            "result": {
              "duration": 3900,
              "status": "skipped"
            },
            "line": 9,
            "name": "User clicks on Baby lotions",
            "match": {
              "location": "BabyLotion1.user_clicks_on_baby_lotions()"
            },
            "keyword": "And "
          },
          {
            "result": {
              "duration": 4100,
              "status": "skipped"
            },
            "line": 10,
            "name": "Validate the user able to see the baby care related menu",
            "match": {
              "location": "BabyLotion1.validate_the_user_able_to_see_the_baby_care_related_menu()"
            },
            "keyword": "When "
          },
          {
            "result": {
              "duration": 4000,
              "status": "skipped"
            },
            "line": 11,
            "name": "User print the total item on web page",
            "match": {
              "location": "BabyLotion1.user_print_the_total_item_on_web_page()"
            },
            "keyword": "Then "
          },
          {
            "result": {
              "duration": 4000,
              "status": "skipped"
            },
            "line": 12,
            "name": "User clicks on Brand",
            "match": {
              "location": "BabyLotion1.user_clicks_on_brand()"
            },
            "keyword": "And "
          }
        ]
      },
      {
        "before": [
          {
            "result": {
              "error_message": "org.openqa.selenium.SessionNotCreatedException: Could not start a new session. Response code 500. Message: session not created: probably user data directory is already in use, please specify a unique value for --user-data-dir argument, or don\u0027t use --user-data-dir \nHost info: host: \u0027DESKTOP-H9ADUJJ\u0027, ip: \u0027172.20.10.13\u0027\nBuild info: version: \u00274.10.0\u0027, revision: \u0027c14d967899\u0027\nSystem info: os.name: \u0027Windows 10\u0027, os.arch: \u0027amd64\u0027, os.version: \u002710.0\u0027, java.version: \u002717.0.1\u0027\nDriver info: org.openqa.selenium.edge.EdgeDriver\nCommand: [null, newSession {capabilities\u003d[Capabilities {browserName: MicrosoftEdge, ms:edgeOptions: {args: [--remote-allow-origins\u003d*], extensions: []}}]}]\r\n\tat org.openqa.selenium.remote.ProtocolHandshake.createSession(ProtocolHandshake.java:140)\r\n\tat org.openqa.selenium.remote.ProtocolHandshake.createSession(ProtocolHandshake.java:96)\r\n\tat org.openqa.selenium.remote.ProtocolHandshake.createSession(ProtocolHandshake.java:68)\r\n\tat org.openqa.selenium.remote.HttpCommandExecutor.execute(HttpCommandExecutor.java:163)\r\n\tat org.openqa.selenium.remote.service.DriverCommandExecutor.invokeExecute(DriverCommandExecutor.java:196)\r\n\tat org.openqa.selenium.remote.service.DriverCommandExecutor.execute(DriverCommandExecutor.java:171)\r\n\tat org.openqa.selenium.remote.RemoteWebDriver.execute(RemoteWebDriver.java:531)\r\n\tat org.openqa.selenium.remote.RemoteWebDriver.startSession(RemoteWebDriver.java:227)\r\n\tat org.openqa.selenium.remote.RemoteWebDriver.\u003cinit\u003e(RemoteWebDriver.java:154)\r\n\tat org.openqa.selenium.chromium.ChromiumDriver.\u003cinit\u003e(ChromiumDriver.java:107)\r\n\tat org.openqa.selenium.edge.EdgeDriver.\u003cinit\u003e(EdgeDriver.java:59)\r\n\tat org.openqa.selenium.edge.EdgeDriver.\u003cinit\u003e(EdgeDriver.java:55)\r\n\tat org.openqa.selenium.edge.EdgeDriver.\u003cinit\u003e(EdgeDriver.java:47)\r\n\tat org.openqa.selenium.edge.EdgeDriver.\u003cinit\u003e(EdgeDriver.java:43)\r\n\tat in.Apollo.base.Utility.browser_launch(Utility.java:47)\r\n\tat in.Apollo.Hooks.Hooks.browserFunctionalities(Hooks.java:14)\r\n\tat java.base/jdk.internal.reflect.NativeMethodAccessorImpl.invoke0(Native Method)\r\n\tat java.base/jdk.internal.reflect.NativeMethodAccessorImpl.invoke(NativeMethodAccessorImpl.java:77)\r\n\tat java.base/jdk.internal.reflect.DelegatingMethodAccessorImpl.invoke(DelegatingMethodAccessorImpl.java:43)\r\n\tat java.base/java.lang.reflect.Method.invoke(Method.java:568)\r\n\tat cucumber.runtime.Utils$1.call(Utils.java:26)\r\n\tat cucumber.runtime.Timeout.timeout(Timeout.java:16)\r\n\tat cucumber.runtime.Utils.invoke(Utils.java:20)\r\n\tat cucumber.runtime.java.JavaHookDefinition.execute(JavaHookDefinition.java:60)\r\n\tat cucumber.runner.HookDefinitionMatch.runStep(HookDefinitionMatch.java:16)\r\n\tat cucumber.runner.TestStep.executeStep(TestStep.java:63)\r\n\tat cucumber.runner.TestStep.run(TestStep.java:49)\r\n\tat cucumber.runner.TestCase.run(TestCase.java:40)\r\n\tat cucumber.runner.Runner.runPickle(Runner.java:40)\r\n\tat cucumber.runtime.junit.PickleRunners$NoStepDescriptions.run(PickleRunners.java:146)\r\n\tat cucumber.runtime.junit.FeatureRunner.runChild(FeatureRunner.java:67)\r\n\tat cucumber.runtime.junit.FeatureRunner.runChild(FeatureRunner.java:22)\r\n\tat org.junit.runners.ParentRunner$3.run(ParentRunner.java:290)\r\n\tat org.junit.runners.ParentRunner$1.schedule(ParentRunner.java:71)\r\n\tat org.junit.runners.ParentRunner.runChildren(ParentRunner.java:288)\r\n\tat org.junit.runners.ParentRunner.access$000(ParentRunner.java:58)\r\n\tat org.junit.runners.ParentRunner$2.evaluate(ParentRunner.java:268)\r\n\tat org.junit.runners.ParentRunner.run(ParentRunner.java:363)\r\n\tat cucumber.runtime.junit.FeatureRunner.run(FeatureRunner.java:72)\r\n\tat cucumber.api.junit.Cucumber.runChild(Cucumber.java:122)\r\n\tat cucumber.api.junit.Cucumber.runChild(Cucumber.java:64)\r\n\tat org.junit.runners.ParentRunner$3.run(ParentRunner.java:290)\r\n\tat org.junit.runners.ParentRunner$1.schedule(ParentRunner.java:71)\r\n\tat org.junit.runners.ParentRunner.runChildren(ParentRunner.java:288)\r\n\tat org.junit.runners.ParentRunner.access$000(ParentRunner.java:58)\r\n\tat org.junit.runners.ParentRunner$2.evaluate(ParentRunner.java:268)\r\n\tat cucumber.api.junit.Cucumber$1.evaluate(Cucumber.java:131)\r\n\tat org.junit.runners.ParentRunner.run(ParentRunner.java:363)\r\n\tat org.eclipse.jdt.internal.junit4.runner.JUnit4TestReference.run(JUnit4TestReference.java:93)\r\n\tat org.eclipse.jdt.internal.junit.runner.TestExecution.run(TestExecution.java:40)\r\n\tat org.eclipse.jdt.internal.junit.runner.RemoteTestRunner.runTests(RemoteTestRunner.java:529)\r\n\tat org.eclipse.jdt.internal.junit.runner.RemoteTestRunner.runTests(RemoteTestRunner.java:756)\r\n\tat org.eclipse.jdt.internal.junit.runner.RemoteTestRunner.run(RemoteTestRunner.java:452)\r\n\tat org.eclipse.jdt.internal.junit.runner.RemoteTestRunner.main(RemoteTestRunner.java:210)\r\n",
              "duration": 40510615900,
              "status": "failed"
            },
            "match": {
              "location": "Hooks.browserFunctionalities(Scenario)"
            }
          }
        ],
        "line": 25,
        "name": "User validate the protect",
        "description": "",
        "id": "user-validates-the-product-in-the-apollo-pharmacy-application-baby-care-product;user-validate-the-protect;;4",
        "after": [
          {
            "result": {
              "error_message": "java.lang.NullPointerException: Cannot invoke \"org.openqa.selenium.TakesScreenshot.getScreenshotAs(org.openqa.selenium.OutputType)\" because \"ts\" is null\r\n\tat in.Apollo.Hooks.Hooks.tearDown(Hooks.java:24)\r\n\tat java.base/jdk.internal.reflect.NativeMethodAccessorImpl.invoke0(Native Method)\r\n\tat java.base/jdk.internal.reflect.NativeMethodAccessorImpl.invoke(NativeMethodAccessorImpl.java:77)\r\n\tat java.base/jdk.internal.reflect.DelegatingMethodAccessorImpl.invoke(DelegatingMethodAccessorImpl.java:43)\r\n\tat java.base/java.lang.reflect.Method.invoke(Method.java:568)\r\n\tat cucumber.runtime.Utils$1.call(Utils.java:26)\r\n\tat cucumber.runtime.Timeout.timeout(Timeout.java:16)\r\n\tat cucumber.runtime.Utils.invoke(Utils.java:20)\r\n\tat cucumber.runtime.java.JavaHookDefinition.execute(JavaHookDefinition.java:60)\r\n\tat cucumber.runner.HookDefinitionMatch.runStep(HookDefinitionMatch.java:16)\r\n\tat cucumber.runner.TestStep.executeStep(TestStep.java:63)\r\n\tat cucumber.runner.TestStep.run(TestStep.java:49)\r\n\tat cucumber.runner.TestCase.run(TestCase.java:48)\r\n\tat cucumber.runner.Runner.runPickle(Runner.java:40)\r\n\tat cucumber.runtime.junit.PickleRunners$NoStepDescriptions.run(PickleRunners.java:146)\r\n\tat cucumber.runtime.junit.FeatureRunner.runChild(FeatureRunner.java:67)\r\n\tat cucumber.runtime.junit.FeatureRunner.runChild(FeatureRunner.java:22)\r\n\tat org.junit.runners.ParentRunner$3.run(ParentRunner.java:290)\r\n\tat org.junit.runners.ParentRunner$1.schedule(ParentRunner.java:71)\r\n\tat org.junit.runners.ParentRunner.runChildren(ParentRunner.java:288)\r\n\tat org.junit.runners.ParentRunner.access$000(ParentRunner.java:58)\r\n\tat org.junit.runners.ParentRunner$2.evaluate(ParentRunner.java:268)\r\n\tat org.junit.runners.ParentRunner.run(ParentRunner.java:363)\r\n\tat cucumber.runtime.junit.FeatureRunner.run(FeatureRunner.java:72)\r\n\tat cucumber.api.junit.Cucumber.runChild(Cucumber.java:122)\r\n\tat cucumber.api.junit.Cucumber.runChild(Cucumber.java:64)\r\n\tat org.junit.runners.ParentRunner$3.run(ParentRunner.java:290)\r\n\tat org.junit.runners.ParentRunner$1.schedule(ParentRunner.java:71)\r\n\tat org.junit.runners.ParentRunner.runChildren(ParentRunner.java:288)\r\n\tat org.junit.runners.ParentRunner.access$000(ParentRunner.java:58)\r\n\tat org.junit.runners.ParentRunner$2.evaluate(ParentRunner.java:268)\r\n\tat cucumber.api.junit.Cucumber$1.evaluate(Cucumber.java:131)\r\n\tat org.junit.runners.ParentRunner.run(ParentRunner.java:363)\r\n\tat org.eclipse.jdt.internal.junit4.runner.JUnit4TestReference.run(JUnit4TestReference.java:93)\r\n\tat org.eclipse.jdt.internal.junit.runner.TestExecution.run(TestExecution.java:40)\r\n\tat org.eclipse.jdt.internal.junit.runner.RemoteTestRunner.runTests(RemoteTestRunner.java:529)\r\n\tat org.eclipse.jdt.internal.junit.runner.RemoteTestRunner.runTests(RemoteTestRunner.java:756)\r\n\tat org.eclipse.jdt.internal.junit.runner.RemoteTestRunner.run(RemoteTestRunner.java:452)\r\n\tat org.eclipse.jdt.internal.junit.runner.RemoteTestRunner.main(RemoteTestRunner.java:210)\r\n",
              "duration": 79800,
              "status": "failed"
            },
            "match": {
              "location": "Hooks.tearDown(Scenario)"
            }
          }
        ],
        "type": "scenario",
        "keyword": "Scenario Outline",
        "steps": [
          {
            "result": {
              "duration": 4400,
              "status": "skipped"
            },
            "line": 17,
            "name": "User clicks on sorted brand \"aveeno\"",
            "match": {
              "arguments": [
                {
                  "val": "\"aveeno\"",
                  "offset": 28
                }
              ],
              "location": "BabyLotion1.user_clicks_on_sorted_brand(String)"
            },
            "keyword": "And "
          }
        ],
        "tags": [
          {
            "name": "@Babylotion"
          }
        ]
      }
    ],
    "name": "User validates the product in the Apollo pharmacy application Baby care product",
    "description": "",
    "id": "user-validates-the-product-in-the-apollo-pharmacy-application-baby-care-product",
    "keyword": "Feature",
    "uri": ".\\src\\test\\resources\\feature\\babylotion.feature",
    "tags": [
      {
        "name": "@Babylotion",
        "type": "Tag",
        "location": {
          "line": 1,
          "column": 1
        }
      }
    ]
  },
  {
    "line": 3,
    "elements": [
      {
        "before": [
          {
            "result": {
              "error_message": "org.openqa.selenium.SessionNotCreatedException: Could not start a new session. Response code 500. Message: session not created: probably user data directory is already in use, please specify a unique value for --user-data-dir argument, or don\u0027t use --user-data-dir \nHost info: host: \u0027DESKTOP-H9ADUJJ\u0027, ip: \u0027172.20.10.13\u0027\nBuild info: version: \u00274.10.0\u0027, revision: \u0027c14d967899\u0027\nSystem info: os.name: \u0027Windows 10\u0027, os.arch: \u0027amd64\u0027, os.version: \u002710.0\u0027, java.version: \u002717.0.1\u0027\nDriver info: org.openqa.selenium.edge.EdgeDriver\nCommand: [null, newSession {capabilities\u003d[Capabilities {browserName: MicrosoftEdge, ms:edgeOptions: {args: [--remote-allow-origins\u003d*], extensions: []}}]}]\r\n\tat org.openqa.selenium.remote.ProtocolHandshake.createSession(ProtocolHandshake.java:140)\r\n\tat org.openqa.selenium.remote.ProtocolHandshake.createSession(ProtocolHandshake.java:96)\r\n\tat org.openqa.selenium.remote.ProtocolHandshake.createSession(ProtocolHandshake.java:68)\r\n\tat org.openqa.selenium.remote.HttpCommandExecutor.execute(HttpCommandExecutor.java:163)\r\n\tat org.openqa.selenium.remote.service.DriverCommandExecutor.invokeExecute(DriverCommandExecutor.java:196)\r\n\tat org.openqa.selenium.remote.service.DriverCommandExecutor.execute(DriverCommandExecutor.java:171)\r\n\tat org.openqa.selenium.remote.RemoteWebDriver.execute(RemoteWebDriver.java:531)\r\n\tat org.openqa.selenium.remote.RemoteWebDriver.startSession(RemoteWebDriver.java:227)\r\n\tat org.openqa.selenium.remote.RemoteWebDriver.\u003cinit\u003e(RemoteWebDriver.java:154)\r\n\tat org.openqa.selenium.chromium.ChromiumDriver.\u003cinit\u003e(ChromiumDriver.java:107)\r\n\tat org.openqa.selenium.edge.EdgeDriver.\u003cinit\u003e(EdgeDriver.java:59)\r\n\tat org.openqa.selenium.edge.EdgeDriver.\u003cinit\u003e(EdgeDriver.java:55)\r\n\tat org.openqa.selenium.edge.EdgeDriver.\u003cinit\u003e(EdgeDriver.java:47)\r\n\tat org.openqa.selenium.edge.EdgeDriver.\u003cinit\u003e(EdgeDriver.java:43)\r\n\tat in.Apollo.base.Utility.browser_launch(Utility.java:47)\r\n\tat in.Apollo.Hooks.Hooks.browserFunctionalities(Hooks.java:14)\r\n\tat java.base/jdk.internal.reflect.NativeMethodAccessorImpl.invoke0(Native Method)\r\n\tat java.base/jdk.internal.reflect.NativeMethodAccessorImpl.invoke(NativeMethodAccessorImpl.java:77)\r\n\tat java.base/jdk.internal.reflect.DelegatingMethodAccessorImpl.invoke(DelegatingMethodAccessorImpl.java:43)\r\n\tat java.base/java.lang.reflect.Method.invoke(Method.java:568)\r\n\tat cucumber.runtime.Utils$1.call(Utils.java:26)\r\n\tat cucumber.runtime.Timeout.timeout(Timeout.java:16)\r\n\tat cucumber.runtime.Utils.invoke(Utils.java:20)\r\n\tat cucumber.runtime.java.JavaHookDefinition.execute(JavaHookDefinition.java:60)\r\n\tat cucumber.runner.HookDefinitionMatch.runStep(HookDefinitionMatch.java:16)\r\n\tat cucumber.runner.TestStep.executeStep(TestStep.java:63)\r\n\tat cucumber.runner.TestStep.run(TestStep.java:49)\r\n\tat cucumber.runner.TestCase.run(TestCase.java:40)\r\n\tat cucumber.runner.Runner.runPickle(Runner.java:40)\r\n\tat cucumber.runtime.junit.PickleRunners$NoStepDescriptions.run(PickleRunners.java:146)\r\n\tat cucumber.runtime.junit.FeatureRunner.runChild(FeatureRunner.java:67)\r\n\tat cucumber.runtime.junit.FeatureRunner.runChild(FeatureRunner.java:22)\r\n\tat org.junit.runners.ParentRunner$3.run(ParentRunner.java:290)\r\n\tat org.junit.runners.ParentRunner$1.schedule(ParentRunner.java:71)\r\n\tat org.junit.runners.ParentRunner.runChildren(ParentRunner.java:288)\r\n\tat org.junit.runners.ParentRunner.access$000(ParentRunner.java:58)\r\n\tat org.junit.runners.ParentRunner$2.evaluate(ParentRunner.java:268)\r\n\tat org.junit.runners.ParentRunner.run(ParentRunner.java:363)\r\n\tat cucumber.runtime.junit.FeatureRunner.run(FeatureRunner.java:72)\r\n\tat cucumber.api.junit.Cucumber.runChild(Cucumber.java:122)\r\n\tat cucumber.api.junit.Cucumber.runChild(Cucumber.java:64)\r\n\tat org.junit.runners.ParentRunner$3.run(ParentRunner.java:290)\r\n\tat org.junit.runners.ParentRunner$1.schedule(ParentRunner.java:71)\r\n\tat org.junit.runners.ParentRunner.runChildren(ParentRunner.java:288)\r\n\tat org.junit.runners.ParentRunner.access$000(ParentRunner.java:58)\r\n\tat org.junit.runners.ParentRunner$2.evaluate(ParentRunner.java:268)\r\n\tat cucumber.api.junit.Cucumber$1.evaluate(Cucumber.java:131)\r\n\tat org.junit.runners.ParentRunner.run(ParentRunner.java:363)\r\n\tat org.eclipse.jdt.internal.junit4.runner.JUnit4TestReference.run(JUnit4TestReference.java:93)\r\n\tat org.eclipse.jdt.internal.junit.runner.TestExecution.run(TestExecution.java:40)\r\n\tat org.eclipse.jdt.internal.junit.runner.RemoteTestRunner.runTests(RemoteTestRunner.java:529)\r\n\tat org.eclipse.jdt.internal.junit.runner.RemoteTestRunner.runTests(RemoteTestRunner.java:756)\r\n\tat org.eclipse.jdt.internal.junit.runner.RemoteTestRunner.run(RemoteTestRunner.java:452)\r\n\tat org.eclipse.jdt.internal.junit.runner.RemoteTestRunner.main(RemoteTestRunner.java:210)\r\n",
              "duration": 40471397100,
              "status": "failed"
            },
            "match": {
              "location": "Hooks.browserFunctionalities(Scenario)"
            }
          }
        ],
        "line": 5,
        "name": "Navigate to beauty",
        "description": "",
        "id": "user-validates-the-product-in-the-apollo-pharmacy-application-personal-care-product;navigate-to-beauty",
        "after": [
          {
            "result": {
              "error_message": "java.lang.NullPointerException: Cannot invoke \"org.openqa.selenium.TakesScreenshot.getScreenshotAs(org.openqa.selenium.OutputType)\" because \"ts\" is null\r\n\tat in.Apollo.Hooks.Hooks.tearDown(Hooks.java:24)\r\n\tat java.base/jdk.internal.reflect.NativeMethodAccessorImpl.invoke0(Native Method)\r\n\tat java.base/jdk.internal.reflect.NativeMethodAccessorImpl.invoke(NativeMethodAccessorImpl.java:77)\r\n\tat java.base/jdk.internal.reflect.DelegatingMethodAccessorImpl.invoke(DelegatingMethodAccessorImpl.java:43)\r\n\tat java.base/java.lang.reflect.Method.invoke(Method.java:568)\r\n\tat cucumber.runtime.Utils$1.call(Utils.java:26)\r\n\tat cucumber.runtime.Timeout.timeout(Timeout.java:16)\r\n\tat cucumber.runtime.Utils.invoke(Utils.java:20)\r\n\tat cucumber.runtime.java.JavaHookDefinition.execute(JavaHookDefinition.java:60)\r\n\tat cucumber.runner.HookDefinitionMatch.runStep(HookDefinitionMatch.java:16)\r\n\tat cucumber.runner.TestStep.executeStep(TestStep.java:63)\r\n\tat cucumber.runner.TestStep.run(TestStep.java:49)\r\n\tat cucumber.runner.TestCase.run(TestCase.java:48)\r\n\tat cucumber.runner.Runner.runPickle(Runner.java:40)\r\n\tat cucumber.runtime.junit.PickleRunners$NoStepDescriptions.run(PickleRunners.java:146)\r\n\tat cucumber.runtime.junit.FeatureRunner.runChild(FeatureRunner.java:67)\r\n\tat cucumber.runtime.junit.FeatureRunner.runChild(FeatureRunner.java:22)\r\n\tat org.junit.runners.ParentRunner$3.run(ParentRunner.java:290)\r\n\tat org.junit.runners.ParentRunner$1.schedule(ParentRunner.java:71)\r\n\tat org.junit.runners.ParentRunner.runChildren(ParentRunner.java:288)\r\n\tat org.junit.runners.ParentRunner.access$000(ParentRunner.java:58)\r\n\tat org.junit.runners.ParentRunner$2.evaluate(ParentRunner.java:268)\r\n\tat org.junit.runners.ParentRunner.run(ParentRunner.java:363)\r\n\tat cucumber.runtime.junit.FeatureRunner.run(FeatureRunner.java:72)\r\n\tat cucumber.api.junit.Cucumber.runChild(Cucumber.java:122)\r\n\tat cucumber.api.junit.Cucumber.runChild(Cucumber.java:64)\r\n\tat org.junit.runners.ParentRunner$3.run(ParentRunner.java:290)\r\n\tat org.junit.runners.ParentRunner$1.schedule(ParentRunner.java:71)\r\n\tat org.junit.runners.ParentRunner.runChildren(ParentRunner.java:288)\r\n\tat org.junit.runners.ParentRunner.access$000(ParentRunner.java:58)\r\n\tat org.junit.runners.ParentRunner$2.evaluate(ParentRunner.java:268)\r\n\tat cucumber.api.junit.Cucumber$1.evaluate(Cucumber.java:131)\r\n\tat org.junit.runners.ParentRunner.run(ParentRunner.java:363)\r\n\tat org.eclipse.jdt.internal.junit4.runner.JUnit4TestReference.run(JUnit4TestReference.java:93)\r\n\tat org.eclipse.jdt.internal.junit.runner.TestExecution.run(TestExecution.java:40)\r\n\tat org.eclipse.jdt.internal.junit.runner.RemoteTestRunner.runTests(RemoteTestRunner.java:529)\r\n\tat org.eclipse.jdt.internal.junit.runner.RemoteTestRunner.runTests(RemoteTestRunner.java:756)\r\n\tat org.eclipse.jdt.internal.junit.runner.RemoteTestRunner.run(RemoteTestRunner.java:452)\r\n\tat org.eclipse.jdt.internal.junit.runner.RemoteTestRunner.main(RemoteTestRunner.java:210)\r\n",
              "duration": 173800,
              "status": "failed"
            },
            "match": {
              "location": "Hooks.tearDown(Scenario)"
            }
          }
        ],
        "type": "scenario",
        "keyword": "Scenario",
        "steps": [
          {
            "result": {
              "duration": 17100,
              "status": "skipped"
            },
            "line": 6,
            "name": "Launch the Apollo pharmacy Application \"https://www.apollopharmacy.in/?srsltid\u003dAfmBOoqy7LoyB7STzeABdcbQ3p8hGe1D1GMrC4-ANNi4JWhVJYVgKvE0\"",
            "match": {
              "arguments": [
                {
                  "val": "\"https://www.apollopharmacy.in/?srsltid\u003dAfmBOoqy7LoyB7STzeABdcbQ3p8hGe1D1GMrC4-ANNi4JWhVJYVgKvE0\"",
                  "offset": 39
                }
              ],
              "location": "BabyLotion1.launch_the_apollo_pharmacy_application(String)"
            },
            "keyword": "Given "
          },
          {
            "result": {
              "duration": 11600,
              "status": "skipped"
            },
            "line": 7,
            "name": "Validate user is on the home page",
            "match": {
              "location": "BabyLotion1.validate_user_is_on_the_home_page()"
            },
            "keyword": "When "
          },
          {
            "result": {
              "duration": 9600,
              "status": "skipped"
            },
            "line": 8,
            "name": "User mouse over to Personal care",
            "match": {
              "location": "PersonalCare.user_mouse_over_to_Personal_care()"
            },
            "keyword": "Then "
          },
          {
            "result": {
              "duration": 9800,
              "status": "skipped"
            },
            "line": 9,
            "name": "User clicks on Beauty",
            "match": {
              "location": "PersonalCare.user_clicks_on_Beauty()"
            },
            "keyword": "And "
          },
          {
            "result": {
              "duration": 9200,
              "status": "skipped"
            },
            "line": 10,
            "name": "Validate the user able to see the personal care related menu",
            "match": {
              "location": "PersonalCare.validate_the_user_able_to_see_the_personal_care_related_menu()"
            },
            "keyword": "When "
          },
          {
            "result": {
              "duration": 9100,
              "status": "skipped"
            },
            "line": 11,
            "name": "User print the total item on web page",
            "match": {
              "location": "BabyLotion1.user_print_the_total_item_on_web_page()"
            },
            "keyword": "Then "
          },
          {
            "result": {
              "duration": 9000,
              "status": "skipped"
            },
            "line": 12,
            "name": "User clicks on Add button in beauty",
            "match": {
              "location": "PersonalCare.user_clicks_on_Add_button_in_beauty()"
            },
            "keyword": "And "
          },
          {
            "result": {
              "duration": 9200,
              "status": "skipped"
            },
            "line": 13,
            "name": "User clicks on View Cart in beauty",
            "match": {
              "location": "PersonalCare.user_clicks_on_View_Cart_in_beauty()"
            },
            "keyword": "And "
          }
        ],
        "tags": [
          {
            "name": "@PersonalCare"
          }
        ]
      }
    ],
    "name": "User validates the product in the Apollo pharmacy application Personal care product",
    "description": "",
    "id": "user-validates-the-product-in-the-apollo-pharmacy-application-personal-care-product",
    "keyword": "Feature",
    "uri": ".\\src\\test\\resources\\feature\\personalcare.feature",
    "tags": [
      {
        "name": "@PersonalCare",
        "type": "Tag",
        "location": {
          "line": 1,
          "column": 1
        }
      }
    ]
  }
]